<?xml version="1.0" encoding="UTF-8"?>
<testng-results skipped="0" failed="0" ignored="0" total="1" passed="1">
  <reporter-output>
  </reporter-output>
  <suite name="Default suite" duration-ms="46157" started-at="2021-01-05T14:50:11Z" finished-at="2021-01-05T14:50:57Z">
    <groups>
    </groups>
    <test name="Default test" duration-ms="46157" started-at="2021-01-05T14:50:11Z" finished-at="2021-01-05T14:50:57Z">
      <class name="com.test.facebook.FacebookSignup">
        <test-method status="PASS" signature="openBrowser()[pri:0, instance:com.test.facebook.FacebookSignup@25bbe1b6]" name="openBrowser" is-config="true" duration-ms="36188" started-at="2021-01-05T14:50:11Z" finished-at="2021-01-05T14:50:47Z">
          <reporter-output>
          </reporter-output>
        </test-method> <!-- openBrowser -->
        <test-method status="PASS" signature="signup()[pri:0, instance:com.test.facebook.FacebookSignup@25bbe1b6]" name="signup" duration-ms="5956" started-at="2021-01-05T14:50:47Z" finished-at="2021-01-05T14:50:53Z">
          <reporter-output>
          </reporter-output>
        </test-method> <!-- signup -->
        <test-method status="PASS" signature="closeBrowser()[pri:0, instance:com.test.facebook.FacebookSignup@25bbe1b6]" name="closeBrowser" is-config="true" duration-ms="3929" started-at="2021-01-05T14:50:53Z" finished-at="2021-01-05T14:50:57Z">
          <reporter-output>
          </reporter-output>
        </test-method> <!-- closeBrowser -->
      </class> <!-- com.test.facebook.FacebookSignup -->
    </test> <!-- Default test -->
  </suite> <!-- Default suite -->
</testng-results>
